  autoSave.cpp
  client.cpp
C:\Users\ROG\source\repos\ImGui-Student-Grade-Manager\学生成绩管理系统+ImGui\client.h(22,77): warning C4244: “参数”: 从“int”转换到“float”，可能丢失数据
C:\Users\ROG\source\repos\ImGui-Student-Grade-Manager\学生成绩管理系统+ImGui\client.h(22,46): warning C4244: “参数”: 从“int”转换到“float”，可能丢失数据
  history.cpp
C:\Users\ROG\source\repos\ImGui-Student-Grade-Manager\学生成绩管理系统+ImGui\history.cpp(95,49): warning C4244: “参数”: 从“__int64”转换到“int”，可能丢失数据
C:\Users\ROG\source\repos\ImGui-Student-Grade-Manager\学生成绩管理系统+ImGui\history.cpp(137,49): warning C4244: “参数”: 从“__int64”转换到“int”，可能丢失数据
  imgui.cpp
C:\Users\ROG\source\repos\ImGui-Student-Grade-Manager\学生成绩管理系统+ImGui\client.h(22,77): warning C4244: “参数”: 从“int”转换到“float”，可能丢失数据
C:\Users\ROG\source\repos\ImGui-Student-Grade-Manager\学生成绩管理系统+ImGui\client.h(22,46): warning C4244: “参数”: 从“int”转换到“float”，可能丢失数据
  imgui_demo.cpp
  imgui_draw.cpp
  imgui_impl_dx11.cpp
  imgui_impl_win32.cpp
C:\Users\ROG\source\repos\ImGui-Student-Grade-Manager\学生成绩管理系统+ImGui\client.h(22,77): warning C4244: “参数”: 从“int”转换到“float”，可能丢失数据
C:\Users\ROG\source\repos\ImGui-Student-Grade-Manager\学生成绩管理系统+ImGui\client.h(22,46): warning C4244: “参数”: 从“int”转换到“float”，可能丢失数据
  imgui_tables.cpp
  imgui_widgets.cpp
C:\Users\ROG\source\repos\ImGui-Student-Grade-Manager\学生成绩管理系统+ImGui\client.h(22,77): warning C4244: “参数”: 从“int”转换到“float”，可能丢失数据
C:\Users\ROG\source\repos\ImGui-Student-Grade-Manager\学生成绩管理系统+ImGui\client.h(22,46): warning C4244: “参数”: 从“int”转换到“float”，可能丢失数据
C:\Users\ROG\source\repos\ImGui-Student-Grade-Manager\学生成绩管理系统+ImGui\ImGui\imgui_widgets.cpp(7387,243): warning C4305: “参数”: 从“double”到“float”截断
C:\Users\ROG\source\repos\ImGui-Student-Grade-Manager\学生成绩管理系统+ImGui\ImGui\imgui_widgets.cpp(7387,238): warning C4305: “参数”: 从“double”到“float”截断
C:\Users\ROG\source\repos\ImGui-Student-Grade-Manager\学生成绩管理系统+ImGui\ImGui\imgui_widgets.cpp(7387,233): warning C4305: “参数”: 从“double”到“float”截断
  main.cpp
C:\Users\ROG\source\repos\ImGui-Student-Grade-Manager\学生成绩管理系统+ImGui\client.h(22,77): warning C4244: “参数”: 从“int”转换到“float”，可能丢失数据
C:\Users\ROG\source\repos\ImGui-Student-Grade-Manager\学生成绩管理系统+ImGui\client.h(22,46): warning C4244: “参数”: 从“int”转换到“float”，可能丢失数据
  manager.cpp
C:\Users\ROG\source\repos\ImGui-Student-Grade-Manager\学生成绩管理系统+ImGui\manager.cpp(45,28): warning C4244: “=”: 从“double”转换到“_Ty”，可能丢失数据
          with
          [
              _Ty=float
          ]
C:\Users\ROG\source\repos\ImGui-Student-Grade-Manager\学生成绩管理系统+ImGui\manager.cpp(54,25): warning C4244: “=”: 从“double”转换到“float”，可能丢失数据
C:\Users\ROG\source\repos\ImGui-Student-Grade-Manager\学生成绩管理系统+ImGui\manager.cpp(191,25): warning C4244: “参数”: 从“__int64”转换到“int”，可能丢失数据
C:\Users\ROG\source\repos\ImGui-Student-Grade-Manager\学生成绩管理系统+ImGui\manager.cpp(480,37): warning C4244: “参数”: 从“int”转换到“_Ty”，可能丢失数据
          with
          [
              _Ty=float
          ]
  setting.cpp
  sounds.cpp
  student.cpp
  table.cpp
  ui.cpp
C:\Users\ROG\source\repos\ImGui-Student-Grade-Manager\学生成绩管理系统+ImGui\client.h(22,77): warning C4244: “参数”: 从“int”转换到“float”，可能丢失数据
C:\Users\ROG\source\repos\ImGui-Student-Grade-Manager\学生成绩管理系统+ImGui\client.h(22,46): warning C4244: “参数”: 从“int”转换到“float”，可能丢失数据
C:\Users\ROG\source\repos\ImGui-Student-Grade-Manager\学生成绩管理系统+ImGui\ui_main.hh(120,16): warning C4244: “初始化”: 从“_Ty”转换到“int”，可能丢失数据
          with
          [
              _Ty=float
          ]
C:\Users\ROG\source\repos\ImGui-Student-Grade-Manager\学生成绩管理系统+ImGui\ui_main.hh(121,16): warning C4244: “初始化”: 从“_Ty”转换到“int”，可能丢失数据
          with
          [
              _Ty=float
          ]
C:\Users\ROG\source\repos\ImGui-Student-Grade-Manager\学生成绩管理系统+ImGui\ui_main.hh(193,71): warning C4267: “参数”: 从“size_t”转换到“int”，可能丢失数据
C:\Users\ROG\source\repos\ImGui-Student-Grade-Manager\学生成绩管理系统+ImGui\ui_main.hh(306,46): warning C4244: “参数”: 从“__int64”转换到“int”，可能丢失数据
C:\Users\ROG\source\repos\ImGui-Student-Grade-Manager\学生成绩管理系统+ImGui\ui_main.hh(828,77): warning C4267: “参数”: 从“size_t”转换到“int”，可能丢失数据
C:\Users\ROG\source\repos\ImGui-Student-Grade-Manager\学生成绩管理系统+ImGui\ui_main.hh(967,77): warning C4267: “参数”: 从“size_t”转换到“int”，可能丢失数据
C:\Users\ROG\source\repos\ImGui-Student-Grade-Manager\学生成绩管理系统+ImGui\ui.cpp(231,29): warning C4244: “初始化”: 从“int”转换到“float”，可能丢失数据
  utf8_to_string.cpp
C:\Users\ROG\source\repos\ImGui-Student-Grade-Manager\学生成绩管理系统+ImGui\utf8_to_string.cpp(10,57): warning C4267: “参数”: 从“size_t”转换到“int”，可能丢失数据
  正在生成代码
C:\Users\ROG\source\repos\ImGui-Student-Grade-Manager\学生成绩管理系统+ImGui\manager.cpp(433): warning C4715: “Manager::modifyStudent”: 不是所有的控件路径都返回值
C:\Users\ROG\source\repos\ImGui-Student-Grade-Manager\学生成绩管理系统+ImGui\ui.cpp(261): warning C4715: “ui”: 不是所有的控件路径都返回值
  4043 of 4063 functions (99.5%) were compiled, the rest were copied from previous compilation.
    74 functions were new in current compilation
    2 functions had inline decision re-evaluated but remain unchanged
  已完成代码的生成
  学生成绩管理系统+ImGui.vcxproj -> C:\Users\ROG\source\repos\ImGui-Student-Grade-Manager\x64\Release\学生成绩管理系统+ImGui.exe
  'pwsh.exe' 不是内部或外部命令，也不是可运行的程序
  或批处理文件。
